1709893480080	geckodriver	INFO	Listening on 127.0.0.1:55869
1709893480104	mozrunner::runner	INFO	Running command: MOZ_CRASHREPORTER="1" MOZ_CRASHREPORTER_NO_REPORT="1" MOZ_CRASHREPORTER_SHUTDOWN="1" MOZ_NO_REMOTE="1" "/App ... s" "localhost" "-foreground" "-no-remote" "-profile" "/var/folders/sc/9wr0chb12414wsh_816gdm1w0000gq/T/rust_mozprofilemJsVUg"
console.warn: services.settings: Ignoring preference override of remote settings server
console.warn: services.settings: Allow by setting MOZ_REMOTE_SETTINGS_DEVTOOLS=1 in the environment
1709893482865	Marionette	INFO	Marionette enabled
console.error: "Warning: unrecognized command line flag" "-remote-allow-hosts"
1709893483391	Marionette	INFO	Listening on port 55891
WebDriver BiDi listening on ws://127.0.0.1:55870
Read port: 55891
1709893483808	RemoteAgent	WARN	TLS certificate errors will be ignored for this session
DevTools listening on ws://127.0.0.1:55870/devtools/browser/9e347a89-97fc-4cdd-80dc-9888489faa26
console.warn: LoginRecipes: "Falling back to a synchronous message for: https://web-demo.qahive.com."
console.warn: LoginRecipes: "Falling back to a synchronous message for: https://web-demo.qahive.com."
console.warn: LoginRecipes: "Falling back to a synchronous message for: https://web-demo.qahive.com."
console.warn: LoginRecipes: "Falling back to a synchronous message for: https://web-demo.qahive.com."
console.warn: LoginRecipes: "Falling back to a synchronous message for: https://web-demo.qahive.com."
1709893512895	addons.xpi	ERROR	System addon update list error SyntaxError: XMLHttpRequest.open: 'http://%(server)s/dummy-system-addons.xml' is not a valid URL.
JavaScript warning: https://web-demo.qahive.com/static/js/main.ef91fa3b.js, line 1: Script terminated by timeout at:
_a@https://web-demo.qahive.com/static/js/main.ef91fa3b.js:1:94334

1709893539438	Marionette	INFO	Stopped listening on port 55891
console.error: (new AbortError("IOUtils: Shutting down and refusing additional I/O tasks", (void 0), 884))
JavaScript error: resource://gre/modules/CrashManager.sys.mjs, line 921: AbortError: IOUtils: Shutting down and refusing additional I/O tasks
