1709629964560	geckodriver	INFO	Listening on 127.0.0.1:57647
1709629964861	mozrunner::runner	INFO	Running command: MOZ_CRASHREPORTER="1" MOZ_CRASHREPORTER_NO_REPORT="1" MOZ_CRASHREPORTER_SHUTDOWN="1" MOZ_NO_REMOTE="1" "/usr ... s" "localhost" "-foreground" "-no-remote" "-profile" "/var/folders/sc/9wr0chb12414wsh_816gdm1w0000gq/T/rust_mozprofilep8jKBs"
console.warn: services.settings: Ignoring preference override of remote settings server
console.warn: services.settings: Allow by setting MOZ_REMOTE_SETTINGS_DEVTOOLS=1 in the environment
1709629966646	Marionette	INFO	Marionette enabled
console.error: "Warning: unrecognized command line flag" "-remote-allow-hosts"
1709629966982	Marionette	INFO	Listening on port 60927
WebDriver BiDi listening on ws://127.0.0.1:57648
Read port: 60927
1709629967648	RemoteAgent	WARN	TLS certificate errors will be ignored for this session
DevTools listening on ws://127.0.0.1:57648/devtools/browser/9d8f56e8-a53e-4ee6-8c00-b136e5a23602
1709629996674	addons.xpi	ERROR	System addon update list error SyntaxError: XMLHttpRequest.open: 'http://%(server)s/dummy-system-addons.xml' is not a valid URL.
JavaScript error: resource:///modules/sessionstore/SessionStore.sys.mjs, line 3770: TypeError: this._windows[aWindow.__SSi] is undefined
JavaScript warning: https://www.googletagmanager.com/gtag/js?id=G-W0D7NK8NJJ&l=dataLayer&cx=c, line 161: Script terminated by timeout at:
l@https://www.googletagmanager.com/gtag/js?id=G-W0D7NK8NJJ&l=dataLayer&cx=c:161:17
mB@https://www.googletagmanager.com/gtag/js?id=G-W0D7NK8NJJ&l=dataLayer&cx=c:492:134
nB/<@https://www.googletagmanager.com/gtag/js?id=G-W0D7NK8NJJ&l=dataLayer&cx=c:492:111

1709630136545	Marionette	INFO	Stopped listening on port 60927
console.warn: TopSitesFeed: Failed to fetch data from Contile server: NetworkError when attempting to fetch resource.
console.error: "Failed to fetch https://spocs.getpocket.com/user:" "NetworkError when attempting to fetch resource."
