1709891485653	geckodriver	INFO	Listening on 127.0.0.1:51664
1709891485689	mozrunner::runner	INFO	Running command: MOZ_CRASHREPORTER="1" MOZ_CRASHREPORTER_NO_REPORT="1" MOZ_CRASHREPORTER_SHUTDOWN="1" MOZ_NO_REMOTE="1" "/App ... s" "localhost" "-foreground" "-no-remote" "-profile" "/var/folders/sc/9wr0chb12414wsh_816gdm1w0000gq/T/rust_mozprofileOoQAOY"
console.warn: services.settings: Ignoring preference override of remote settings server
console.warn: services.settings: Allow by setting MOZ_REMOTE_SETTINGS_DEVTOOLS=1 in the environment
1709891489248	Marionette	INFO	Marionette enabled
console.error: "Warning: unrecognized command line flag" "-remote-allow-hosts"
1709891491051	Marionette	INFO	Listening on port 51693
Read port: 51693
WebDriver BiDi listening on ws://127.0.0.1:51665
1709891491227	RemoteAgent	WARN	TLS certificate errors will be ignored for this session
DevTools listening on ws://127.0.0.1:51665/devtools/browser/8ebf9643-1d62-498a-b0c3-4275cdc0edbd
console.warn: LoginRecipes: "Falling back to a synchronous message for: https://web-demo.qahive.com."
console.warn: LoginRecipes: "Falling back to a synchronous message for: https://web-demo.qahive.com."
console.warn: LoginRecipes: "Falling back to a synchronous message for: https://web-demo.qahive.com."
1709891522843	addons.xpi	ERROR	System addon update list error SyntaxError: XMLHttpRequest.open: 'http://%(server)s/dummy-system-addons.xml' is not a valid URL.
JavaScript error: resource:///modules/sessionstore/SessionStore.sys.mjs, line 3770: TypeError: this._windows[aWindow.__SSi] is undefined
JavaScript warning: https://www.googletagmanager.com/gtag/js?id=G-W0D7NK8NJJ&l=dataLayer&cx=c, line 161: Script terminated by timeout at:
l@https://www.googletagmanager.com/gtag/js?id=G-W0D7NK8NJJ&l=dataLayer&cx=c:161:17
lB@https://www.googletagmanager.com/gtag/js?id=G-W0D7NK8NJJ&l=dataLayer&cx=c:493:134
mB/<@https://www.googletagmanager.com/gtag/js?id=G-W0D7NK8NJJ&l=dataLayer&cx=c:493:111

1709891772799	Marionette	INFO	Stopped listening on port 51693
console.warn: TopSitesFeed: Failed to fetch data from Contile server: NetworkError when attempting to fetch resource.
console.error: "Failed to fetch https://spocs.getpocket.com/user:" "NetworkError when attempting to fetch resource."
