1709892158161	geckodriver	INFO	Listening on 127.0.0.1:56310
1709892158203	mozrunner::runner	INFO	Running command: MOZ_CRASHREPORTER="1" MOZ_CRASHREPORTER_NO_REPORT="1" MOZ_CRASHREPORTER_SHUTDOWN="1" MOZ_NO_REMOTE="1" "/App ... s" "localhost" "-foreground" "-no-remote" "-profile" "/var/folders/sc/9wr0chb12414wsh_816gdm1w0000gq/T/rust_mozprofileb9QWP2"
console.warn: services.settings: Ignoring preference override of remote settings server
console.warn: services.settings: Allow by setting MOZ_REMOTE_SETTINGS_DEVTOOLS=1 in the environment
1709892161587	Marionette	INFO	Marionette enabled
console.error: "Warning: unrecognized command line flag" "-remote-allow-hosts"
1709892162314	Marionette	INFO	Listening on port 56340
WebDriver BiDi listening on ws://127.0.0.1:56311
Read port: 56340
Read port: 56340
1709892164453	RemoteAgent	WARN	TLS certificate errors will be ignored for this session
DevTools listening on ws://127.0.0.1:56311/devtools/browser/6a120a07-a166-4784-b519-1485c0a2a969
console.warn: LoginRecipes: "Falling back to a synchronous message for: https://web-demo.qahive.com."
console.warn: LoginRecipes: "Falling back to a synchronous message for: https://web-demo.qahive.com."
console.warn: LoginRecipes: "Falling back to a synchronous message for: https://web-demo.qahive.com."
console.warn: LoginRecipes: "Falling back to a synchronous message for: https://web-demo.qahive.com."
console.warn: LoginRecipes: "Falling back to a synchronous message for: https://web-demo.qahive.com."
1709892191640	addons.xpi	ERROR	System addon update list error SyntaxError: XMLHttpRequest.open: 'http://%(server)s/dummy-system-addons.xml' is not a valid URL.
JavaScript warning: https://web-demo.qahive.com/static/js/main.ef91fa3b.js, line 1: Script terminated by timeout at:
_a@https://web-demo.qahive.com/static/js/main.ef91fa3b.js:1:94334

1709892229558	Marionette	INFO	Stopped listening on port 56340
